<?xml version="1.0" encoding="UTF-8"?>
<testng-results skipped="0" failed="0" ignored="0" total="3" passed="3">
  <reporter-output>
  </reporter-output>
  <suite name="Suite" duration-ms="168" started-at="2019-06-18T17:29:56Z" finished-at="2019-06-18T17:29:57Z">
    <groups>
    </groups>
    <test name="Test" duration-ms="168" started-at="2019-06-18T17:29:56Z" finished-at="2019-06-18T17:29:57Z">
      <class name="test1.Test1">
        <test-method status="PASS" signature="test1()[pri:0, instance:test1.Test1@20e2cbe0]" name="test1" duration-ms="18" started-at="2019-06-18T17:29:57Z" finished-at="2019-06-18T17:29:57Z">
          <reporter-output>
          </reporter-output>
        </test-method> <!-- test1 -->
      </class> <!-- test1.Test1 -->
      <class name="test2.Test2">
        <test-method status="PASS" signature="test2()[pri:0, instance:test2.Test2@68be2bc2]" name="test2" duration-ms="18" started-at="2019-06-18T17:29:57Z" finished-at="2019-06-18T17:29:57Z">
          <reporter-output>
          </reporter-output>
        </test-method> <!-- test2 -->
      </class> <!-- test2.Test2 -->
      <class name="test3.Test3">
        <test-method status="PASS" signature="test3()[pri:0, instance:test3.Test3@2a5ca609]" name="test3" duration-ms="18" started-at="2019-06-18T17:29:57Z" finished-at="2019-06-18T17:29:57Z">
          <reporter-output>
          </reporter-output>
        </test-method> <!-- test3 -->
      </class> <!-- test3.Test3 -->
    </test> <!-- Test -->
  </suite> <!-- Suite -->
</testng-results>
